<?xml version="1.0" encoding="UTF-8"?>
<!-- Generated by org.testng.reporters.JUnitReportReporter -->
<testsuite hostname="DESKTOP-BUD55MU" failures="0" tests="1" name="TestCases.VerifyRegistrationTestCase" time="13.006" errors="0" timestamp="2022-09-20T14:19:33 IST" skipped="0">
  <testcase classname="TestCases.VerifyRegistrationTestCase" name="register" time="13.006"/>
  <system-out/>
</testsuite> <!-- TestCases.VerifyRegistrationTestCase -->
