<?xml version="1.0" encoding="UTF-8"?>
<!-- Generated by org.testng.reporters.JUnitReportReporter -->
<testsuite hostname="DESKTOP-BUD55MU" failures="0" tests="1" name="TestCases.VerifyMyRegistrationTestCase" time="17.730" errors="0" timestamp="2022-09-20T17:23:56 IST" skipped="0">
  <testcase classname="TestCases.VerifyMyRegistrationTestCase" name="register" time="17.730"/>
  <system-out/>
</testsuite> <!-- TestCases.VerifyMyRegistrationTestCase -->
